SF:lib/data/default_bank_services_repository.dart
DA:11,3
DA:13,0
DA:15,0
DA:17,0
LF:4
LH:1
end_of_record
SF:lib/data/dto/bank_service_dto.dart
DA:4,1
LF:1
LH:1
end_of_record
SF:lib/api/api_client_impl.dart
DA:7,0
DA:9,0
DA:11,0
DA:12,0
DA:13,0
DA:14,0
DA:15,0
DA:16,0
DA:17,0
LF:9
LH:0
end_of_record
SF:lib/utils/failure.dart
DA:3,0
LF:1
LH:0
end_of_record
SF:lib/domain/models/bank_service.dart
DA:4,0
LF:1
LH:0
end_of_record
SF:lib/helper/get_it_injection.dart
DA:9,6
DA:11,0
DA:12,0
DA:14,0
DA:15,0
DA:17,0
DA:18,0
LF:7
LH:1
end_of_record
SF:lib/domain/use_cases/get_bank_services_impl.dart
DA:10,0
DA:11,0
DA:13,0
DA:15,0
LF:4
LH:0
end_of_record
SF:lib/main.dart
DA:6,0
DA:7,0
DA:8,0
DA:12,2
DA:14,1
DA:16,1
DA:19,1
LF:7
LH:4
end_of_record
SF:lib/config/theme/app_theme.dart
DA:3,3
DA:4,1
DA:11,2
LF:3
LH:3
end_of_record
SF:lib/presentation/ui/pages/home/home_page.dart
DA:13,1
DA:15,1
DA:17,1
DA:18,2
DA:19,1
DA:20,0
DA:21,0
DA:22,0
DA:23,0
DA:25,0
DA:26,0
DA:27,0
DA:28,0
DA:31,0
DA:32,0
DA:35,0
DA:37,0
DA:38,0
DA:39,0
DA:40,0
LF:20
LH:5
end_of_record
SF:lib/presentation/ui/components/atoms/body_medium_text.dart
DA:6,0
DA:8,0
DA:10,0
DA:11,0
DA:12,0
LF:5
LH:0
end_of_record
SF:lib/presentation/ui/components/atoms/body_small_text.dart
DA:7,0
DA:13,0
DA:15,0
DA:16,0
DA:17,0
LF:5
LH:0
end_of_record
SF:lib/presentation/ui/components/atoms/button_small_icon.dart
DA:7,1
DA:9,0
DA:11,0
DA:12,0
DA:13,0
LF:5
LH:1
end_of_record
SF:lib/presentation/ui/components/atoms/card_icon.dart
DA:6,0
DA:8,0
DA:10,0
DA:11,0
DA:12,0
LF:5
LH:0
end_of_record
SF:lib/presentation/ui/components/atoms/image_asset.dart
DA:8,2
DA:15,0
DA:17,0
DA:18,0
DA:19,0
DA:20,0
LF:6
LH:1
end_of_record
SF:lib/presentation/ui/components/molecules/card.dart
DA:11,0
DA:16,0
DA:18,0
DA:20,0
DA:23,0
DA:24,0
DA:25,0
DA:27,0
DA:29,0
DA:31,0
DA:32,0
DA:36,0
DA:37,0
DA:38,0
DA:39,0
LF:15
LH:0
end_of_record
SF:lib/presentation/ui/item_models/bank_service_item.dart
DA:8,0
LF:1
LH:0
end_of_record
SF:lib/presentation/ui/components/molecules/menu_mobile.dart
DA:6,0
DA:11,0
DA:13,0
DA:14,0
DA:15,0
DA:16,0
DA:17,0
DA:19,0
DA:20,0
DA:25,0
DA:26,0
DA:27,0
DA:30,0
LF:13
LH:0
end_of_record
SF:lib/presentation/ui/components/molecules/nav_bar.dart
DA:6,1
DA:8,0
DA:10,0
DA:12,0
DA:13,0
DA:14,0
DA:15,0
DA:25,0
DA:26,0
DA:27,0
LF:10
LH:1
end_of_record
SF:lib/presentation/ui/components/molecules/section_nav_bar.dart
DA:5,1
DA:7,0
DA:9,0
DA:10,0
DA:12,0
DA:13,0
DA:14,0
DA:15,0
DA:16,0
DA:20,0
DA:21,0
DA:22,0
DA:31,0
DA:38,0
DA:42,0
DA:49,0
LF:16
LH:1
end_of_record
SF:lib/presentation/ui/components/molecules/section_nav_bar_item.dart
DA:10,0
DA:16,0
DA:18,0
DA:19,0
DA:20,0
DA:22,0
DA:24,0
DA:25,0
DA:27,0
DA:29,0
DA:30,0
DA:31,0
DA:35,0
DA:36,0
DA:42,0
DA:44,0
DA:46,0
LF:17
LH:0
end_of_record
SF:lib/presentation/ui/components/organism/card_list.dart
DA:8,0
DA:13,0
DA:15,0
DA:16,0
DA:18,0
DA:19,0
DA:22,0
DA:23,0
LF:8
LH:0
end_of_record
SF:lib/presentation/ui/pages/home/bloc/home_bloc.dart
DA:12,1
DA:13,2
DA:14,0
DA:15,0
DA:16,0
DA:17,0
DA:18,0
DA:19,0
DA:20,0
DA:22,0
DA:23,0
DA:24,0
DA:28,0
LF:13
LH:2
end_of_record
SF:lib/presentation/ui/pages/home/bloc/state.dart
DA:6,0
DA:10,0
DA:14,0
DA:18,0
DA:22,0
LF:5
LH:0
end_of_record
